# JRE version: Java(TM) SE Runtime Environment (17.0.10+11) (build 17.0.10+11-LTS-240)
# Java VM: Java HotSpot(TM) 64-Bit Server VM (17.0.10+11-LTS-240, mixed mode, sharing, tiered, compressed oops, compressed class ptrs, g1 gc, linux-amd64)
GC Precious Log:
 CPUs: 4 total, 4 available
 Memory: 7586M
 Large Page Support: Disabled
 NUMA Support: Disabled
 Compressed Oops: Enabled (32-bit)
 Heap Region Size: 1M
 Heap Min Capacity: 8M
 Heap Initial Capacity: 120M
 Heap Max Capacity: 1898M
 Pre-touch: Disabled
 Parallel Workers: 4
 Concurrent Workers: 1
 Concurrent Refinement Workers: 4
 Periodic GC: Disabled
Heap:
 garbage-first heap   total 124928K, used 17360K [0x0000000089600000, 0x0000000100000000)
  region size 1024K, 10 young (10240K), 3 survivors (3072K)
 Metaspace       used 17800K, committed 18048K, reserved 1114112K
  class space    used 2549K, committed 2688K, reserved 1048576K
GC Heap History (6 events):
Event: 0.645 GC heap before
{Heap before GC invocations=0 (full 0):
 garbage-first heap   total 124928K, used 13292K [0x0000000089600000, 0x0000000100000000)
  region size 1024K, 13 young (13312K), 0 survivors (0K)
 Metaspace       used 3709K, committed 3904K, reserved 1114112K
  class space    used 409K, committed 512K, reserved 1048576K
}
Event: 0.655 GC heap after
{Heap after GC invocations=1 (full 0):
 garbage-first heap   total 124928K, used 2580K [0x0000000089600000, 0x0000000100000000)
  region size 1024K, 2 young (2048K), 2 survivors (2048K)
 Metaspace       used 3709K, committed 3904K, reserved 1114112K
  class space    used 409K, committed 512K, reserved 1048576K
}
Event: 1.205 GC heap before
{Heap before GC invocations=1 (full 0):
 garbage-first heap   total 124928K, used 25108K [0x0000000089600000, 0x0000000100000000)
  region size 1024K, 25 young (25600K), 2 survivors (2048K)
 Metaspace       used 10300K, committed 10496K, reserved 1114112K
  class space    used 1392K, committed 1536K, reserved 1048576K
}
Event: 1.215 GC heap after
{Heap after GC invocations=2 (full 0):
 garbage-first heap   total 124928K, used 6580K [0x0000000089600000, 0x0000000100000000)
  region size 1024K, 4 young (4096K), 4 survivors (4096K)
 Metaspace       used 10300K, committed 10496K, reserved 1114112K
  class space    used 1392K, committed 1536K, reserved 1048576K
}
Event: 60.616 GC heap before
{Heap before GC invocations=2 (full 0):
 garbage-first heap   total 124928K, used 35252K [0x0000000089600000, 0x0000000100000000)
  region size 1024K, 31 young (31744K), 4 survivors (4096K)
 Metaspace       used 16641K, committed 16832K, reserved 1114112K
  class space    used 2311K, committed 2368K, reserved 1048576K
}
Event: 60.625 GC heap after
{Heap after GC invocations=3 (full 0):
 garbage-first heap   total 124928K, used 11216K [0x0000000089600000, 0x0000000100000000)
  region size 1024K, 3 young (3072K), 3 survivors (3072K)
 Metaspace       used 16641K, committed 16832K, reserved 1114112K
  class space    used 2311K, committed 2368K, reserved 1048576K
}

