# JRE version: Java(TM) SE Runtime Environment (17.0.10+11) (build 17.0.10+11-LTS-240)
# Java VM: Java HotSpot(TM) 64-Bit Server VM (17.0.10+11-LTS-240, mixed mode, sharing, tiered, compressed oops, compressed class ptrs, g1 gc, linux-amd64)
GC Precious Log:
 CPUs: 4 total, 4 available
 Memory: 7586M
 Large Page Support: Disabled
 NUMA Support: Disabled
 Compressed Oops: Enabled (32-bit)
 Heap Region Size: 1M
 Heap Min Capacity: 8M
 Heap Initial Capacity: 120M
 Heap Max Capacity: 1898M
 Pre-touch: Disabled
 Parallel Workers: 4
 Concurrent Workers: 1
 Concurrent Refinement Workers: 4
 Periodic GC: Disabled
Heap:
 garbage-first heap   total 124928K, used 11777K [0x0000000089600000, 0x0000000100000000)
  region size 1024K, 4 young (4096K), 3 survivors (3072K)
 Metaspace       used 17105K, committed 17408K, reserved 1114112K
  class space    used 2564K, committed 2688K, reserved 1048576K
GC Heap History (6 events):
Event: 1.054 GC heap before
{Heap before GC invocations=0 (full 0):
 garbage-first heap   total 124928K, used 14316K [0x0000000089600000, 0x0000000100000000)
  region size 1024K, 13 young (13312K), 0 survivors (0K)
 Metaspace       used 3596K, committed 3776K, reserved 1114112K
  class space    used 403K, committed 512K, reserved 1048576K
}
Event: 1.066 GC heap after
{Heap after GC invocations=1 (full 0):
 garbage-first heap   total 124928K, used 2524K [0x0000000089600000, 0x0000000100000000)
  region size 1024K, 2 young (2048K), 2 survivors (2048K)
 Metaspace       used 3596K, committed 3776K, reserved 1114112K
  class space    used 403K, committed 512K, reserved 1048576K
}
Event: 1.927 GC heap before
{Heap before GC invocations=1 (full 0):
 garbage-first heap   total 124928K, used 26076K [0x0000000089600000, 0x0000000100000000)
  region size 1024K, 25 young (25600K), 2 survivors (2048K)
 Metaspace       used 10463K, committed 10688K, reserved 1114112K
  class space    used 1431K, committed 1536K, reserved 1048576K
}
Event: 1.942 GC heap after
{Heap after GC invocations=2 (full 0):
 garbage-first heap   total 124928K, used 6676K [0x0000000089600000, 0x0000000100000000)
  region size 1024K, 4 young (4096K), 4 survivors (4096K)
 Metaspace       used 10463K, committed 10688K, reserved 1114112K
  class space    used 1431K, committed 1536K, reserved 1048576K
}
Event: 11.440 GC heap before
{Heap before GC invocations=2 (full 0):
 garbage-first heap   total 124928K, used 34324K [0x0000000089600000, 0x0000000100000000)
  region size 1024K, 29 young (29696K), 4 survivors (4096K)
 Metaspace       used 17061K, committed 17280K, reserved 1114112K
  class space    used 2558K, committed 2688K, reserved 1048576K
}
Event: 11.446 GC heap after
{Heap after GC invocations=3 (full 0):
 garbage-first heap   total 124928K, used 11777K [0x0000000089600000, 0x0000000100000000)
  region size 1024K, 3 young (3072K), 3 survivors (3072K)
 Metaspace       used 17061K, committed 17280K, reserved 1114112K
  class space    used 2558K, committed 2688K, reserved 1048576K
}

