# JRE version: Java(TM) SE Runtime Environment (21.0.2+13) (build 21.0.2+13-LTS-58)
# Java VM: Java HotSpot(TM) 64-Bit Server VM (21.0.2+13-LTS-58, mixed mode, sharing, tiered, compressed oops, compressed class ptrs, g1 gc, linux-amd64)
GC Precious Log:
 CardTable entry size: 512
 Card Set container configuration: InlinePtr #cards 5 size 8 Array Of Cards #cards 12 size 40 Howl #buckets 4 coarsen threshold 1843 Howl Bitmap #cards 512 size 80 coarsen threshold 460 Card regions per heap region 1 cards per card region 2048
 CPUs: 4 total, 4 available
 Memory: 7586M
 Large Page Support: Disabled
 NUMA Support: Disabled
 Compressed Oops: Enabled (32-bit)
 Heap Region Size: 1M
 Heap Min Capacity: 8M
 Heap Initial Capacity: 120M
 Heap Max Capacity: 1898M
 Pre-touch: Disabled
 Parallel Workers: 4
 Concurrent Workers: 1
 Concurrent Refinement Workers: 4
 Periodic GC: Disabled
Heap:
 garbage-first heap   total 124928K, used 29693K [0x0000000089600000, 0x0000000100000000)
  region size 1024K, 23 young (23552K), 3 survivors (3072K)
 Metaspace       used 17823K, committed 18176K, reserved 1114112K
  class space    used 2753K, committed 2880K, reserved 1048576K
GC Heap History (6 events):
Event: 2.021 GC heap before
{Heap before GC invocations=0 (full 0):
 garbage-first heap   total 124928K, used 14367K [0x0000000089600000, 0x0000000100000000)
  region size 1024K, 13 young (13312K), 0 survivors (0K)
 Metaspace       used 3305K, committed 3520K, reserved 1114112K
  class space    used 359K, committed 448K, reserved 1048576K
}
Event: 2.045 GC heap after
{Heap after GC invocations=1 (full 0):
 garbage-first heap   total 124928K, used 2634K [0x0000000089600000, 0x0000000100000000)
  region size 1024K, 2 young (2048K), 2 survivors (2048K)
 Metaspace       used 3305K, committed 3520K, reserved 1114112K
  class space    used 359K, committed 448K, reserved 1048576K
}
Event: 4.309 GC heap before
{Heap before GC invocations=1 (full 0):
 garbage-first heap   total 124928K, used 22090K [0x0000000089600000, 0x0000000100000000)
  region size 1024K, 22 young (22528K), 2 survivors (2048K)
 Metaspace       used 8961K, committed 9216K, reserved 1114112K
  class space    used 1157K, committed 1280K, reserved 1048576K
}
Event: 4.351 GC heap after
{Heap after GC invocations=2 (full 0):
 garbage-first heap   total 124928K, used 5634K [0x0000000089600000, 0x0000000100000000)
  region size 1024K, 3 young (3072K), 3 survivors (3072K)
 Metaspace       used 8961K, committed 9216K, reserved 1114112K
  class space    used 1157K, committed 1280K, reserved 1048576K
}
Event: 6.975 GC heap before
{Heap before GC invocations=2 (full 0):
 garbage-first heap   total 124928K, used 31234K [0x0000000089600000, 0x0000000100000000)
  region size 1024K, 28 young (28672K), 3 survivors (3072K)
 Metaspace       used 13883K, committed 14272K, reserved 1114112K
  class space    used 2143K, committed 2304K, reserved 1048576K
}
Event: 6.999 GC heap after
{Heap after GC invocations=3 (full 0):
 garbage-first heap   total 124928K, used 8189K [0x0000000089600000, 0x0000000100000000)
  region size 1024K, 3 young (3072K), 3 survivors (3072K)
 Metaspace       used 13883K, committed 14272K, reserved 1114112K
  class space    used 2143K, committed 2304K, reserved 1048576K
}

